{"D:\\UnB\\2020_1\\MP\\Projeto_Final\\projeto\\server\\src\\fetchDB\\fetchFullTable.js": {"path":"D:\\UnB\\2020_1\\MP\\Projeto_Final\\projeto\\server\\src\\fetchDB\\fetchFullTable.js","statementMap":{"0":{"start":{"line":1,"column":13},"end":{"line":1,"column":44}},"1":{"start":{"line":3,"column":18},"end":{"line":10,"column":2}},"2":{"start":{"line":4,"column":2},"end":{"line":9,"column":5}},"3":{"start":{"line":5,"column":4},"end":{"line":7,"column":5}},"4":{"start":{"line":6,"column":6},"end":{"line":6,"column":16}},"5":{"start":{"line":8,"column":4},"end":{"line":8,"column":18}},"6":{"start":{"line":12,"column":18},"end":{"line":19,"column":2}},"7":{"start":{"line":13,"column":2},"end":{"line":18,"column":5}},"8":{"start":{"line":14,"column":4},"end":{"line":16,"column":5}},"9":{"start":{"line":15,"column":6},"end":{"line":15,"column":16}},"10":{"start":{"line":17,"column":4},"end":{"line":17,"column":18}},"11":{"start":{"line":21,"column":17},"end":{"line":28,"column":2}},"12":{"start":{"line":22,"column":2},"end":{"line":27,"column":5}},"13":{"start":{"line":23,"column":4},"end":{"line":25,"column":5}},"14":{"start":{"line":24,"column":6},"end":{"line":24,"column":16}},"15":{"start":{"line":26,"column":4},"end":{"line":26,"column":18}},"16":{"start":{"line":30,"column":18},"end":{"line":42,"column":1}},"17":{"start":{"line":31,"column":2},"end":{"line":41,"column":5}},"18":{"start":{"line":32,"column":4},"end":{"line":40,"column":7}},"19":{"start":{"line":36,"column":6},"end":{"line":38,"column":7}},"20":{"start":{"line":37,"column":8},"end":{"line":37,"column":18}},"21":{"start":{"line":39,"column":6},"end":{"line":39,"column":20}},"22":{"start":{"line":44,"column":19},"end":{"line":56,"column":1}},"23":{"start":{"line":45,"column":2},"end":{"line":55,"column":5}},"24":{"start":{"line":46,"column":4},"end":{"line":54,"column":7}},"25":{"start":{"line":50,"column":6},"end":{"line":52,"column":7}},"26":{"start":{"line":51,"column":8},"end":{"line":51,"column":18}},"27":{"start":{"line":53,"column":6},"end":{"line":53,"column":26}},"28":{"start":{"line":58,"column":19},"end":{"line":68,"column":1}},"29":{"start":{"line":59,"column":2},"end":{"line":67,"column":5}},"30":{"start":{"line":60,"column":4},"end":{"line":66,"column":11}},"31":{"start":{"line":62,"column":10},"end":{"line":64,"column":11}},"32":{"start":{"line":63,"column":12},"end":{"line":63,"column":22}},"33":{"start":{"line":65,"column":10},"end":{"line":65,"column":30}},"34":{"start":{"line":70,"column":22},"end":{"line":83,"column":1}},"35":{"start":{"line":71,"column":2},"end":{"line":82,"column":5}},"36":{"start":{"line":72,"column":4},"end":{"line":81,"column":7}},"37":{"start":{"line":77,"column":6},"end":{"line":79,"column":7}},"38":{"start":{"line":78,"column":8},"end":{"line":78,"column":18}},"39":{"start":{"line":80,"column":6},"end":{"line":80,"column":26}},"40":{"start":{"line":85,"column":22},"end":{"line":95,"column":1}},"41":{"start":{"line":86,"column":2},"end":{"line":94,"column":5}},"42":{"start":{"line":87,"column":4},"end":{"line":93,"column":11}},"43":{"start":{"line":89,"column":10},"end":{"line":91,"column":11}},"44":{"start":{"line":90,"column":12},"end":{"line":90,"column":22}},"45":{"start":{"line":92,"column":10},"end":{"line":92,"column":30}},"46":{"start":{"line":97,"column":22},"end":{"line":107,"column":1}},"47":{"start":{"line":98,"column":2},"end":{"line":106,"column":5}},"48":{"start":{"line":99,"column":4},"end":{"line":105,"column":11}},"49":{"start":{"line":101,"column":10},"end":{"line":103,"column":11}},"50":{"start":{"line":102,"column":12},"end":{"line":102,"column":22}},"51":{"start":{"line":104,"column":10},"end":{"line":104,"column":24}},"52":{"start":{"line":109,"column":20},"end":{"line":121,"column":1}},"53":{"start":{"line":110,"column":2},"end":{"line":120,"column":5}},"54":{"start":{"line":111,"column":4},"end":{"line":119,"column":7}},"55":{"start":{"line":115,"column":6},"end":{"line":117,"column":7}},"56":{"start":{"line":116,"column":8},"end":{"line":116,"column":18}},"57":{"start":{"line":118,"column":6},"end":{"line":118,"column":26}},"58":{"start":{"line":123,"column":20},"end":{"line":133,"column":1}},"59":{"start":{"line":124,"column":2},"end":{"line":132,"column":5}},"60":{"start":{"line":125,"column":4},"end":{"line":131,"column":11}},"61":{"start":{"line":127,"column":10},"end":{"line":129,"column":11}},"62":{"start":{"line":128,"column":12},"end":{"line":128,"column":22}},"63":{"start":{"line":130,"column":10},"end":{"line":130,"column":30}},"64":{"start":{"line":135,"column":20},"end":{"line":146,"column":1}},"65":{"start":{"line":136,"column":2},"end":{"line":145,"column":5}},"66":{"start":{"line":137,"column":4},"end":{"line":144,"column":7}},"67":{"start":{"line":140,"column":6},"end":{"line":142,"column":7}},"68":{"start":{"line":141,"column":8},"end":{"line":141,"column":18}},"69":{"start":{"line":143,"column":6},"end":{"line":143,"column":26}},"70":{"start":{"line":148,"column":21},"end":{"line":158,"column":1}},"71":{"start":{"line":149,"column":2},"end":{"line":157,"column":5}},"72":{"start":{"line":150,"column":4},"end":{"line":156,"column":11}},"73":{"start":{"line":152,"column":10},"end":{"line":154,"column":11}},"74":{"start":{"line":153,"column":12},"end":{"line":153,"column":22}},"75":{"start":{"line":155,"column":10},"end":{"line":155,"column":24}},"76":{"start":{"line":160,"column":24},"end":{"line":167,"column":2}},"77":{"start":{"line":161,"column":2},"end":{"line":166,"column":5}},"78":{"start":{"line":162,"column":4},"end":{"line":164,"column":5}},"79":{"start":{"line":163,"column":6},"end":{"line":163,"column":16}},"80":{"start":{"line":165,"column":4},"end":{"line":165,"column":18}},"81":{"start":{"line":169,"column":0},"end":{"line":184,"column":2}}},"fnMap":{"0":{"name":"(anonymous_0)","decl":{"start":{"line":3,"column":30},"end":{"line":3,"column":31}},"loc":{"start":{"line":3,"column":43},"end":{"line":10,"column":1}},"line":3},"1":{"name":"(anonymous_1)","decl":{"start":{"line":4,"column":61},"end":{"line":4,"column":62}},"loc":{"start":{"line":4,"column":76},"end":{"line":9,"column":3}},"line":4},"2":{"name":"(anonymous_2)","decl":{"start":{"line":12,"column":30},"end":{"line":12,"column":31}},"loc":{"start":{"line":12,"column":43},"end":{"line":19,"column":1}},"line":12},"3":{"name":"(anonymous_3)","decl":{"start":{"line":13,"column":61},"end":{"line":13,"column":62}},"loc":{"start":{"line":13,"column":76},"end":{"line":18,"column":3}},"line":13},"4":{"name":"(anonymous_4)","decl":{"start":{"line":21,"column":29},"end":{"line":21,"column":30}},"loc":{"start":{"line":21,"column":42},"end":{"line":28,"column":1}},"line":21},"5":{"name":"(anonymous_5)","decl":{"start":{"line":22,"column":61},"end":{"line":22,"column":62}},"loc":{"start":{"line":22,"column":76},"end":{"line":27,"column":3}},"line":22},"6":{"name":"(anonymous_6)","decl":{"start":{"line":30,"column":18},"end":{"line":30,"column":19}},"loc":{"start":{"line":30,"column":28},"end":{"line":42,"column":1}},"line":30},"7":{"name":"(anonymous_7)","decl":{"start":{"line":31,"column":21},"end":{"line":31,"column":22}},"loc":{"start":{"line":31,"column":34},"end":{"line":41,"column":3}},"line":31},"8":{"name":"(anonymous_8)","decl":{"start":{"line":35,"column":8},"end":{"line":35,"column":9}},"loc":{"start":{"line":35,"column":23},"end":{"line":40,"column":5}},"line":35},"9":{"name":"(anonymous_9)","decl":{"start":{"line":44,"column":19},"end":{"line":44,"column":20}},"loc":{"start":{"line":44,"column":29},"end":{"line":56,"column":1}},"line":44},"10":{"name":"(anonymous_10)","decl":{"start":{"line":45,"column":21},"end":{"line":45,"column":22}},"loc":{"start":{"line":45,"column":34},"end":{"line":55,"column":3}},"line":45},"11":{"name":"(anonymous_11)","decl":{"start":{"line":49,"column":8},"end":{"line":49,"column":9}},"loc":{"start":{"line":49,"column":17},"end":{"line":54,"column":5}},"line":49},"12":{"name":"(anonymous_12)","decl":{"start":{"line":58,"column":19},"end":{"line":58,"column":20}},"loc":{"start":{"line":58,"column":29},"end":{"line":68,"column":1}},"line":58},"13":{"name":"(anonymous_13)","decl":{"start":{"line":59,"column":21},"end":{"line":59,"column":22}},"loc":{"start":{"line":59,"column":34},"end":{"line":67,"column":3}},"line":59},"14":{"name":"(anonymous_14)","decl":{"start":{"line":61,"column":12},"end":{"line":61,"column":13}},"loc":{"start":{"line":61,"column":21},"end":{"line":66,"column":9}},"line":61},"15":{"name":"(anonymous_15)","decl":{"start":{"line":70,"column":22},"end":{"line":70,"column":23}},"loc":{"start":{"line":70,"column":32},"end":{"line":83,"column":1}},"line":70},"16":{"name":"(anonymous_16)","decl":{"start":{"line":71,"column":21},"end":{"line":71,"column":22}},"loc":{"start":{"line":71,"column":34},"end":{"line":82,"column":3}},"line":71},"17":{"name":"(anonymous_17)","decl":{"start":{"line":76,"column":8},"end":{"line":76,"column":9}},"loc":{"start":{"line":76,"column":17},"end":{"line":81,"column":5}},"line":76},"18":{"name":"(anonymous_18)","decl":{"start":{"line":85,"column":22},"end":{"line":85,"column":23}},"loc":{"start":{"line":85,"column":32},"end":{"line":95,"column":1}},"line":85},"19":{"name":"(anonymous_19)","decl":{"start":{"line":86,"column":21},"end":{"line":86,"column":22}},"loc":{"start":{"line":86,"column":34},"end":{"line":94,"column":3}},"line":86},"20":{"name":"(anonymous_20)","decl":{"start":{"line":88,"column":12},"end":{"line":88,"column":13}},"loc":{"start":{"line":88,"column":21},"end":{"line":93,"column":9}},"line":88},"21":{"name":"(anonymous_21)","decl":{"start":{"line":97,"column":22},"end":{"line":97,"column":23}},"loc":{"start":{"line":97,"column":32},"end":{"line":107,"column":1}},"line":97},"22":{"name":"(anonymous_22)","decl":{"start":{"line":98,"column":21},"end":{"line":98,"column":22}},"loc":{"start":{"line":98,"column":34},"end":{"line":106,"column":3}},"line":98},"23":{"name":"(anonymous_23)","decl":{"start":{"line":100,"column":12},"end":{"line":100,"column":13}},"loc":{"start":{"line":100,"column":27},"end":{"line":105,"column":9}},"line":100},"24":{"name":"(anonymous_24)","decl":{"start":{"line":109,"column":20},"end":{"line":109,"column":21}},"loc":{"start":{"line":109,"column":30},"end":{"line":121,"column":1}},"line":109},"25":{"name":"(anonymous_25)","decl":{"start":{"line":110,"column":21},"end":{"line":110,"column":22}},"loc":{"start":{"line":110,"column":34},"end":{"line":120,"column":3}},"line":110},"26":{"name":"(anonymous_26)","decl":{"start":{"line":114,"column":8},"end":{"line":114,"column":9}},"loc":{"start":{"line":114,"column":17},"end":{"line":119,"column":5}},"line":114},"27":{"name":"(anonymous_27)","decl":{"start":{"line":123,"column":20},"end":{"line":123,"column":21}},"loc":{"start":{"line":123,"column":30},"end":{"line":133,"column":1}},"line":123},"28":{"name":"(anonymous_28)","decl":{"start":{"line":124,"column":21},"end":{"line":124,"column":22}},"loc":{"start":{"line":124,"column":34},"end":{"line":132,"column":3}},"line":124},"29":{"name":"(anonymous_29)","decl":{"start":{"line":126,"column":12},"end":{"line":126,"column":13}},"loc":{"start":{"line":126,"column":21},"end":{"line":131,"column":9}},"line":126},"30":{"name":"(anonymous_30)","decl":{"start":{"line":135,"column":20},"end":{"line":135,"column":21}},"loc":{"start":{"line":135,"column":30},"end":{"line":146,"column":1}},"line":135},"31":{"name":"(anonymous_31)","decl":{"start":{"line":136,"column":21},"end":{"line":136,"column":22}},"loc":{"start":{"line":136,"column":34},"end":{"line":145,"column":3}},"line":136},"32":{"name":"(anonymous_32)","decl":{"start":{"line":139,"column":8},"end":{"line":139,"column":9}},"loc":{"start":{"line":139,"column":17},"end":{"line":144,"column":5}},"line":139},"33":{"name":"(anonymous_33)","decl":{"start":{"line":148,"column":21},"end":{"line":148,"column":22}},"loc":{"start":{"line":148,"column":31},"end":{"line":158,"column":1}},"line":148},"34":{"name":"(anonymous_34)","decl":{"start":{"line":149,"column":21},"end":{"line":149,"column":22}},"loc":{"start":{"line":149,"column":34},"end":{"line":157,"column":3}},"line":149},"35":{"name":"(anonymous_35)","decl":{"start":{"line":151,"column":12},"end":{"line":151,"column":13}},"loc":{"start":{"line":151,"column":27},"end":{"line":156,"column":9}},"line":151},"36":{"name":"(anonymous_36)","decl":{"start":{"line":160,"column":36},"end":{"line":160,"column":37}},"loc":{"start":{"line":160,"column":49},"end":{"line":167,"column":1}},"line":160},"37":{"name":"(anonymous_37)","decl":{"start":{"line":161,"column":37},"end":{"line":161,"column":38}},"loc":{"start":{"line":161,"column":52},"end":{"line":166,"column":3}},"line":161}},"branchMap":{"0":{"loc":{"start":{"line":5,"column":4},"end":{"line":7,"column":5}},"type":"if","locations":[{"start":{"line":5,"column":4},"end":{"line":7,"column":5}},{"start":{"line":5,"column":4},"end":{"line":7,"column":5}}],"line":5},"1":{"loc":{"start":{"line":14,"column":4},"end":{"line":16,"column":5}},"type":"if","locations":[{"start":{"line":14,"column":4},"end":{"line":16,"column":5}},{"start":{"line":14,"column":4},"end":{"line":16,"column":5}}],"line":14},"2":{"loc":{"start":{"line":23,"column":4},"end":{"line":25,"column":5}},"type":"if","locations":[{"start":{"line":23,"column":4},"end":{"line":25,"column":5}},{"start":{"line":23,"column":4},"end":{"line":25,"column":5}}],"line":23},"3":{"loc":{"start":{"line":36,"column":6},"end":{"line":38,"column":7}},"type":"if","locations":[{"start":{"line":36,"column":6},"end":{"line":38,"column":7}},{"start":{"line":36,"column":6},"end":{"line":38,"column":7}}],"line":36},"4":{"loc":{"start":{"line":50,"column":6},"end":{"line":52,"column":7}},"type":"if","locations":[{"start":{"line":50,"column":6},"end":{"line":52,"column":7}},{"start":{"line":50,"column":6},"end":{"line":52,"column":7}}],"line":50},"5":{"loc":{"start":{"line":62,"column":10},"end":{"line":64,"column":11}},"type":"if","locations":[{"start":{"line":62,"column":10},"end":{"line":64,"column":11}},{"start":{"line":62,"column":10},"end":{"line":64,"column":11}}],"line":62},"6":{"loc":{"start":{"line":77,"column":6},"end":{"line":79,"column":7}},"type":"if","locations":[{"start":{"line":77,"column":6},"end":{"line":79,"column":7}},{"start":{"line":77,"column":6},"end":{"line":79,"column":7}}],"line":77},"7":{"loc":{"start":{"line":89,"column":10},"end":{"line":91,"column":11}},"type":"if","locations":[{"start":{"line":89,"column":10},"end":{"line":91,"column":11}},{"start":{"line":89,"column":10},"end":{"line":91,"column":11}}],"line":89},"8":{"loc":{"start":{"line":101,"column":10},"end":{"line":103,"column":11}},"type":"if","locations":[{"start":{"line":101,"column":10},"end":{"line":103,"column":11}},{"start":{"line":101,"column":10},"end":{"line":103,"column":11}}],"line":101},"9":{"loc":{"start":{"line":115,"column":6},"end":{"line":117,"column":7}},"type":"if","locations":[{"start":{"line":115,"column":6},"end":{"line":117,"column":7}},{"start":{"line":115,"column":6},"end":{"line":117,"column":7}}],"line":115},"10":{"loc":{"start":{"line":127,"column":10},"end":{"line":129,"column":11}},"type":"if","locations":[{"start":{"line":127,"column":10},"end":{"line":129,"column":11}},{"start":{"line":127,"column":10},"end":{"line":129,"column":11}}],"line":127},"11":{"loc":{"start":{"line":140,"column":6},"end":{"line":142,"column":7}},"type":"if","locations":[{"start":{"line":140,"column":6},"end":{"line":142,"column":7}},{"start":{"line":140,"column":6},"end":{"line":142,"column":7}}],"line":140},"12":{"loc":{"start":{"line":152,"column":10},"end":{"line":154,"column":11}},"type":"if","locations":[{"start":{"line":152,"column":10},"end":{"line":154,"column":11}},{"start":{"line":152,"column":10},"end":{"line":154,"column":11}}],"line":152},"13":{"loc":{"start":{"line":162,"column":4},"end":{"line":164,"column":5}},"type":"if","locations":[{"start":{"line":162,"column":4},"end":{"line":164,"column":5}},{"start":{"line":162,"column":4},"end":{"line":164,"column":5}}],"line":162}},"s":{"0":1,"1":1,"2":1,"3":1,"4":0,"5":1,"6":1,"7":1,"8":1,"9":0,"10":1,"11":1,"12":1,"13":1,"14":0,"15":1,"16":1,"17":2,"18":2,"19":2,"20":0,"21":2,"22":1,"23":1,"24":1,"25":1,"26":0,"27":1,"28":1,"29":1,"30":1,"31":1,"32":0,"33":1,"34":1,"35":1,"36":1,"37":1,"38":0,"39":1,"40":1,"41":1,"42":1,"43":1,"44":0,"45":1,"46":1,"47":1,"48":1,"49":1,"50":0,"51":1,"52":1,"53":1,"54":1,"55":1,"56":0,"57":1,"58":1,"59":1,"60":1,"61":1,"62":0,"63":1,"64":1,"65":1,"66":1,"67":1,"68":0,"69":1,"70":1,"71":1,"72":1,"73":1,"74":0,"75":1,"76":1,"77":1,"78":1,"79":0,"80":1,"81":1},"f":{"0":1,"1":1,"2":1,"3":1,"4":1,"5":1,"6":2,"7":2,"8":2,"9":1,"10":1,"11":1,"12":1,"13":1,"14":1,"15":1,"16":1,"17":1,"18":1,"19":1,"20":1,"21":1,"22":1,"23":1,"24":1,"25":1,"26":1,"27":1,"28":1,"29":1,"30":1,"31":1,"32":1,"33":1,"34":1,"35":1,"36":1,"37":1},"b":{"0":[0,1],"1":[0,1],"2":[0,1],"3":[0,2],"4":[0,1],"5":[0,1],"6":[0,1],"7":[0,1],"8":[0,1],"9":[0,1],"10":[0,1],"11":[0,1],"12":[0,1],"13":[0,1]},"_coverageSchema":"1a1c01bbd47fc00a2c39e90264f33305004495a9","hash":"931ad3696e0faaf3231580399154abc0dc787cd8"}
}
