TN:
SF:src\fetchDB\fetchFullTable.js
FN:3,(anonymous_0)
FN:4,(anonymous_1)
FN:12,(anonymous_2)
FN:13,(anonymous_3)
FN:21,(anonymous_4)
FN:22,(anonymous_5)
FN:30,(anonymous_6)
FN:31,(anonymous_7)
FN:35,(anonymous_8)
FN:44,(anonymous_9)
FN:45,(anonymous_10)
FN:49,(anonymous_11)
FN:58,(anonymous_12)
FN:59,(anonymous_13)
FN:61,(anonymous_14)
FN:70,(anonymous_15)
FN:71,(anonymous_16)
FN:76,(anonymous_17)
FN:85,(anonymous_18)
FN:86,(anonymous_19)
FN:88,(anonymous_20)
FN:97,(anonymous_21)
FN:98,(anonymous_22)
FN:100,(anonymous_23)
FN:109,(anonymous_24)
FN:110,(anonymous_25)
FN:114,(anonymous_26)
FN:123,(anonymous_27)
FN:124,(anonymous_28)
FN:126,(anonymous_29)
FN:135,(anonymous_30)
FN:136,(anonymous_31)
FN:139,(anonymous_32)
FN:148,(anonymous_33)
FN:149,(anonymous_34)
FN:151,(anonymous_35)
FN:160,(anonymous_36)
FN:161,(anonymous_37)
FNF:38
FNH:38
FNDA:1,(anonymous_0)
FNDA:1,(anonymous_1)
FNDA:1,(anonymous_2)
FNDA:1,(anonymous_3)
FNDA:1,(anonymous_4)
FNDA:1,(anonymous_5)
FNDA:2,(anonymous_6)
FNDA:2,(anonymous_7)
FNDA:2,(anonymous_8)
FNDA:1,(anonymous_9)
FNDA:1,(anonymous_10)
FNDA:1,(anonymous_11)
FNDA:1,(anonymous_12)
FNDA:1,(anonymous_13)
FNDA:1,(anonymous_14)
FNDA:1,(anonymous_15)
FNDA:1,(anonymous_16)
FNDA:1,(anonymous_17)
FNDA:1,(anonymous_18)
FNDA:1,(anonymous_19)
FNDA:1,(anonymous_20)
FNDA:1,(anonymous_21)
FNDA:1,(anonymous_22)
FNDA:1,(anonymous_23)
FNDA:1,(anonymous_24)
FNDA:1,(anonymous_25)
FNDA:1,(anonymous_26)
FNDA:1,(anonymous_27)
FNDA:1,(anonymous_28)
FNDA:1,(anonymous_29)
FNDA:1,(anonymous_30)
FNDA:1,(anonymous_31)
FNDA:1,(anonymous_32)
FNDA:1,(anonymous_33)
FNDA:1,(anonymous_34)
FNDA:1,(anonymous_35)
FNDA:1,(anonymous_36)
FNDA:1,(anonymous_37)
DA:1,1
DA:3,1
DA:4,1
DA:5,1
DA:6,0
DA:8,1
DA:12,1
DA:13,1
DA:14,1
DA:15,0
DA:17,1
DA:21,1
DA:22,1
DA:23,1
DA:24,0
DA:26,1
DA:30,1
DA:31,2
DA:32,2
DA:36,2
DA:37,0
DA:39,2
DA:44,1
DA:45,1
DA:46,1
DA:50,1
DA:51,0
DA:53,1
DA:58,1
DA:59,1
DA:60,1
DA:62,1
DA:63,0
DA:65,1
DA:70,1
DA:71,1
DA:72,1
DA:77,1
DA:78,0
DA:80,1
DA:85,1
DA:86,1
DA:87,1
DA:89,1
DA:90,0
DA:92,1
DA:97,1
DA:98,1
DA:99,1
DA:101,1
DA:102,0
DA:104,1
DA:109,1
DA:110,1
DA:111,1
DA:115,1
DA:116,0
DA:118,1
DA:123,1
DA:124,1
DA:125,1
DA:127,1
DA:128,0
DA:130,1
DA:135,1
DA:136,1
DA:137,1
DA:140,1
DA:141,0
DA:143,1
DA:148,1
DA:149,1
DA:150,1
DA:152,1
DA:153,0
DA:155,1
DA:160,1
DA:161,1
DA:162,1
DA:163,0
DA:165,1
DA:169,1
LF:82
LH:68
BRDA:5,0,0,0
BRDA:5,0,1,1
BRDA:14,1,0,0
BRDA:14,1,1,1
BRDA:23,2,0,0
BRDA:23,2,1,1
BRDA:36,3,0,0
BRDA:36,3,1,2
BRDA:50,4,0,0
BRDA:50,4,1,1
BRDA:62,5,0,0
BRDA:62,5,1,1
BRDA:77,6,0,0
BRDA:77,6,1,1
BRDA:89,7,0,0
BRDA:89,7,1,1
BRDA:101,8,0,0
BRDA:101,8,1,1
BRDA:115,9,0,0
BRDA:115,9,1,1
BRDA:127,10,0,0
BRDA:127,10,1,1
BRDA:140,11,0,0
BRDA:140,11,1,1
BRDA:152,12,0,0
BRDA:152,12,1,1
BRDA:162,13,0,0
BRDA:162,13,1,1
BRF:28
BRH:14
end_of_record
